<?xml version="1.0" encoding="UTF-8"?>
<testng-results ignored="0" total="5" passed="4" failed="1" skipped="0">
  <reporter-output>
  </reporter-output>
  <suite started-at="2025-09-02T10:23:15 IST" name="Default suite" finished-at="2025-09-02T10:23:56 IST" duration-ms="40683">
    <groups>
    </groups>
    <test started-at="2025-09-02T10:23:15 IST" name="Default test" finished-at="2025-09-02T10:23:56 IST" duration-ms="40683">
      <class name="Login.LoginTestCases">
        <test-method signature="loginwithinvalidcredentials(java.lang.String,java.lang.String)[pri:0, instance:Login.LoginTestCases@ba2f4ec]" started-at="2025-09-02T10:23:15 IST" name="loginwithinvalidcredentials" finished-at="2025-09-02T10:23:15 IST" duration-ms="0" status="FAIL">
          <exception class="org.testng.TestNGException">
            <message>
              <![CDATA[
Method public void Login.LoginTestCases.loginwithinvalidcredentials(java.lang.String,java.lang.String) requires a @DataProvider named : logindata1]]>
            </message>
            <full-stacktrace>
              <![CDATA[org.testng.TestNGException: 
Method public void Login.LoginTestCases.loginwithinvalidcredentials(java.lang.String,java.lang.String) requires a @DataProvider named : logindata1
at org.testng.internal.Parameters.findDataProvider(Parameters.java:532)
at org.testng.internal.Parameters.handleParameters(Parameters.java:769)
at org.testng.internal.Parameters.handleParameters(Parameters.java:734)
at org.testng.internal.invokers.ParameterHandler.handleParameters(ParameterHandler.java:72)
at org.testng.internal.invokers.ParameterHandler.createParameters(ParameterHandler.java:51)
at org.testng.internal.invokers.TestInvoker$MethodInvocationAgent.invoke(TestInvoker.java:949)
at org.testng.internal.invokers.TestInvoker.invokeTestMethods(TestInvoker.java:203)
at org.testng.internal.invokers.TestMethodWorker.invokeTestMethods(TestMethodWorker.java:154)
at org.testng.internal.invokers.TestMethodWorker.run(TestMethodWorker.java:134)
at java.base/java.util.ArrayList.forEach(ArrayList.java:1596)
at org.testng.TestRunner.privateRun(TestRunner.java:741)
at org.testng.TestRunner.run(TestRunner.java:616)
at org.testng.SuiteRunner.runTest(SuiteRunner.java:421)
at org.testng.SuiteRunner.runSequentially(SuiteRunner.java:413)
at org.testng.SuiteRunner.privateRun(SuiteRunner.java:373)
at org.testng.SuiteRunner.run(SuiteRunner.java:312)
at org.testng.SuiteRunnerWorker.runSuite(SuiteRunnerWorker.java:52)
at org.testng.SuiteRunnerWorker.run(SuiteRunnerWorker.java:95)
at org.testng.TestNG.runSuitesSequentially(TestNG.java:1274)
at org.testng.TestNG.runSuitesLocally(TestNG.java:1208)
at org.testng.TestNG.runSuites(TestNG.java:1112)
at org.testng.TestNG.run(TestNG.java:1079)
at org.testng.remote.AbstractRemoteTestNG.run(AbstractRemoteTestNG.java:115)
at org.testng.remote.RemoteTestNG.initAndRun(RemoteTestNG.java:293)
at org.testng.remote.RemoteTestNG.main(RemoteTestNG.java:91)
]]>
            </full-stacktrace>
          </exception> <!-- org.testng.TestNGException -->
          <reporter-output>
          </reporter-output>
        </test-method> <!-- loginwithinvalidcredentials -->
        <test-method is-config="true" signature="setup()[pri:0, instance:Login.LoginTestCases@ba2f4ec]" started-at="2025-09-02T10:23:15 IST" name="setup" finished-at="2025-09-02T10:23:36 IST" duration-ms="20884" status="PASS">
          <reporter-output>
          </reporter-output>
        </test-method> <!-- setup -->
        <test-method signature="loginwithvalidcredentials(java.lang.String,java.lang.String)[pri:0, instance:Login.LoginTestCases@ba2f4ec]" started-at="2025-09-02T10:23:36 IST" name="loginwithvalidcredentials" data-provider="loginData" finished-at="2025-09-02T10:23:37 IST" duration-ms="795" status="PASS">
          <params>
            <param index="0">
              <value>
                <![CDATA[standard_user]]>
              </value>
            </param>
            <param index="1">
              <value>
                <![CDATA[secret_sauce]]>
              </value>
            </param>
          </params>
          <reporter-output>
          </reporter-output>
        </test-method> <!-- loginwithvalidcredentials -->
        <test-method is-config="true" signature="teardown()[pri:0, instance:Login.LoginTestCases@ba2f4ec]" started-at="2025-09-02T10:23:37 IST" name="teardown" finished-at="2025-09-02T10:23:37 IST" duration-ms="267" status="PASS">
          <reporter-output>
          </reporter-output>
        </test-method> <!-- teardown -->
        <test-method is-config="true" signature="setup()[pri:0, instance:Login.LoginTestCases@ba2f4ec]" started-at="2025-09-02T10:23:37 IST" name="setup" finished-at="2025-09-02T10:23:41 IST" duration-ms="3905" status="PASS">
          <reporter-output>
          </reporter-output>
        </test-method> <!-- setup -->
        <test-method signature="loginwithvalidcredentials(java.lang.String,java.lang.String)[pri:0, instance:Login.LoginTestCases@ba2f4ec]" started-at="2025-09-02T10:23:41 IST" name="loginwithvalidcredentials" data-provider="loginData" finished-at="2025-09-02T10:23:42 IST" duration-ms="469" status="PASS">
          <params>
            <param index="0">
              <value>
                <![CDATA[locked_out_user]]>
              </value>
            </param>
            <param index="1">
              <value>
                <![CDATA[secret_sauce]]>
              </value>
            </param>
          </params>
          <reporter-output>
          </reporter-output>
        </test-method> <!-- loginwithvalidcredentials -->
        <test-method is-config="true" signature="teardown()[pri:0, instance:Login.LoginTestCases@ba2f4ec]" started-at="2025-09-02T10:23:42 IST" name="teardown" finished-at="2025-09-02T10:23:42 IST" duration-ms="155" status="PASS">
          <reporter-output>
          </reporter-output>
        </test-method> <!-- teardown -->
        <test-method is-config="true" signature="setup()[pri:0, instance:Login.LoginTestCases@ba2f4ec]" started-at="2025-09-02T10:23:42 IST" name="setup" finished-at="2025-09-02T10:23:46 IST" duration-ms="4267" status="PASS">
          <reporter-output>
          </reporter-output>
        </test-method> <!-- setup -->
        <test-method signature="loginwithvalidcredentials(java.lang.String,java.lang.String)[pri:0, instance:Login.LoginTestCases@ba2f4ec]" started-at="2025-09-02T10:23:46 IST" name="loginwithvalidcredentials" data-provider="loginData" finished-at="2025-09-02T10:23:46 IST" duration-ms="383" status="PASS">
          <params>
            <param index="0">
              <value>
                <![CDATA[problem_user]]>
              </value>
            </param>
            <param index="1">
              <value>
                <![CDATA[secret_sauce]]>
              </value>
            </param>
          </params>
          <reporter-output>
          </reporter-output>
        </test-method> <!-- loginwithvalidcredentials -->
        <test-method is-config="true" signature="teardown()[pri:0, instance:Login.LoginTestCases@ba2f4ec]" started-at="2025-09-02T10:23:46 IST" name="teardown" finished-at="2025-09-02T10:23:47 IST" duration-ms="185" status="PASS">
          <reporter-output>
          </reporter-output>
        </test-method> <!-- teardown -->
        <test-method is-config="true" signature="setup()[pri:0, instance:Login.LoginTestCases@ba2f4ec]" started-at="2025-09-02T10:23:47 IST" name="setup" finished-at="2025-09-02T10:23:50 IST" duration-ms="3632" status="PASS">
          <reporter-output>
          </reporter-output>
        </test-method> <!-- setup -->
        <test-method signature="loginwithvalidcredentials(java.lang.String,java.lang.String)[pri:0, instance:Login.LoginTestCases@ba2f4ec]" started-at="2025-09-02T10:23:50 IST" name="loginwithvalidcredentials" data-provider="loginData" finished-at="2025-09-02T10:23:56 IST" duration-ms="5402" status="PASS">
          <params>
            <param index="0">
              <value>
                <![CDATA[performance_glitch_user]]>
              </value>
            </param>
            <param index="1">
              <value>
                <![CDATA[secret_sauce]]>
              </value>
            </param>
          </params>
          <reporter-output>
          </reporter-output>
        </test-method> <!-- loginwithvalidcredentials -->
        <test-method is-config="true" signature="teardown()[pri:0, instance:Login.LoginTestCases@ba2f4ec]" started-at="2025-09-02T10:23:56 IST" name="teardown" finished-at="2025-09-02T10:23:56 IST" duration-ms="175" status="PASS">
          <reporter-output>
          </reporter-output>
        </test-method> <!-- teardown -->
      </class> <!-- Login.LoginTestCases -->
    </test> <!-- Default test -->
  </suite> <!-- Default suite -->
</testng-results>
